<?xml version="1.0" encoding="UTF-8" ?>
<testsuite failures="0" time="4.437" errors="0" skipped="0" tests="5" name="hudson.ExtensionListTest">
  <properties>
    <property name="java.vendor" value="Sun Microsystems Inc."/>
    <property name="env.SESSION_MANAGER" value="local/ubuntu:/tmp/.ICE-unix/4058"/>
    <property name="env.LESSOPEN" value="| /usr/bin/lesspipe %s"/>
    <property name="localRepository" value="/home/tom/.m2/repository"/>
    <property name="sun.java.launcher" value="SUN_STANDARD"/>
    <property name="sun.management.compiler" value="HotSpot 64-Bit Server Compiler"/>
    <property name="os.name" value="Linux"/>
    <property name="sun.boot.class.path" value="/usr/lib/jvm/java-6-sun-1.6.0.14/jre/lib/resources.jar:/usr/lib/jvm/java-6-sun-1.6.0.14/jre/lib/rt.jar:/usr/lib/jvm/java-6-sun-1.6.0.14/jre/lib/sunrsasign.jar:/usr/lib/jvm/java-6-sun-1.6.0.14/jre/lib/jsse.jar:/usr/lib/jvm/java-6-sun-1.6.0.14/jre/lib/jce.jar:/usr/lib/jvm/java-6-sun-1.6.0.14/jre/lib/charsets.jar:/usr/lib/jvm/java-6-sun-1.6.0.14/jre/classes"/>
    <property name="env.PWD" value="/home/tom/dev/hudson-trunk/main/test"/>
    <property name="env.XDG_SESSION_COOKIE" value="545f5123eb73187ca15ef4364a76db57-1249304951.431700-226180530"/>
    <property name="sun.desktop" value="gnome"/>
    <property name="env.LANG" value="en_US.UTF-8"/>
    <property name="java.vm.specification.vendor" value="Sun Microsystems Inc."/>
    <property name="java.runtime.version" value="1.6.0_14-b08"/>
    <property name="env.DISPLAY" value=":0.0"/>
    <property name="user.name" value="tom"/>
    <property name="env._" value="/home/tom/dev/apache-maven-2.0.9/bin/mvn"/>
    <property name="env.USER" value="tom"/>
    <property name="env.HISTCONTROL" value="ignoreboth"/>
    <property name="env.SHELL" value="/bin/bash"/>
    <property name="env.DESKTOP_SESSION" value="default"/>
    <property name="env.XDG_DATA_DIRS" value="/usr/local/share/:/usr/share/:/usr/share/gdm/"/>
    <property name="env.NLSPATH" value="/usr/dt/lib/nls/msg/%L/%N.cat"/>
    <property name="env.PATH" value="/home/tom/dev/apache-maven-2.0.9/bin/:/usr/local/sbin:/usr/local/bin:/usr/sbin:/usr/bin:/sbin:/bin:/usr/games"/>
    <property name="user.language" value="en"/>
    <property name="sun.boot.library.path" value="/usr/lib/jvm/java-6-sun-1.6.0.14/jre/lib/amd64"/>
    <property name="classworlds.conf" value="/home/tom/dev/apache-maven-2.0.9/bin/m2.conf"/>
    <property name="java.version" value="1.6.0_14"/>
    <property name="user.timezone" value="Europe/Brussels"/>
    <property name="env.DBUS_SESSION_BUS_ADDRESS" value="unix:abstract=/tmp/dbus-64Dsq7hvbL,guid=449faf53bb78abe81b7b31d64a76e177"/>
    <property name="sun.arch.data.model" value="64"/>
    <property name="env.SSH_AGENT_PID" value="4115"/>
    <property name="java.endorsed.dirs" value="/usr/lib/jvm/java-6-sun-1.6.0.14/jre/lib/endorsed"/>
    <property name="sun.cpu.isalist" value=""/>
    <property name="sun.jnu.encoding" value="UTF-8"/>
    <property name="file.encoding.pkg" value="sun.io"/>
    <property name="env.SHLVL" value="1"/>
    <property name="file.separator" value="/"/>
    <property name="java.specification.name" value="Java Platform API Specification"/>
    <property name="env.GNOME_DESKTOP_SESSION_ID" value="this-is-deprecated"/>
    <property name="java.class.version" value="50.0"/>
    <property name="env.GDMSESSION" value="default"/>
    <property name="user.country" value="US"/>
    <property name="env.GNOME_KEYRING_PID" value="4046"/>
    <property name="svnkit.ssh2.persistent" value="false"/>
    <property name="java.home" value="/usr/lib/jvm/java-6-sun-1.6.0.14/jre"/>
    <property name="java.vm.info" value="mixed mode"/>
    <property name="env.LOGNAME" value="tom"/>
    <property name="os.version" value="2.6.28-14-generic"/>
    <property name="path.separator" value=":"/>
    <property name="java.vm.version" value="14.0-b16"/>
    <property name="env.JAVA_HOME" value="/usr/lib/jvm/java-6-sun"/>
    <property name="java.awt.printerjob" value="sun.print.PSPrinterJob"/>
    <property name="env.TERM" value="xterm"/>
    <property name="env.WINDOWPATH" value="7:7"/>
    <property name="sun.io.unicode.encoding" value="UnicodeLittle"/>
    <property name="env.GDM_LANG" value="en_US.UTF-8"/>
    <property name="user.home" value="/home/tom"/>
    <property name="env.OLDPWD" value="/home/tom/dev/hudson-trunk/main/test"/>
    <property name="java.specification.vendor" value="Sun Microsystems Inc."/>
    <property name="env.WINDOWID" value="23075994"/>
    <property name="java.library.path" value="/usr/lib/jvm/java-6-sun-1.6.0.14/jre/lib/amd64/server:/usr/lib/jvm/java-6-sun-1.6.0.14/jre/lib/amd64:/usr/lib/jvm/java-6-sun-1.6.0.14/jre/../lib/amd64:/usr/java/packages/lib/amd64:/lib:/usr/lib"/>
    <property name="java.vendor.url" value="http://java.sun.com/"/>
    <property name="env.GDM_XSERVER_LOCATION" value="local"/>
    <property name="java.vm.vendor" value="Sun Microsystems Inc."/>
    <property name="maven.home" value="/home/tom/dev/apache-maven-2.0.9"/>
    <property name="java.runtime.name" value="Java(TM) SE Runtime Environment"/>
    <property name="java.class.path" value="/home/tom/dev/apache-maven-2.0.9/boot/classworlds-1.1.jar"/>
    <property name="env.XFILESEARCHPATH" value="/usr/dt/app-defaults/%L/Dt"/>
    <property name="java.vm.specification.name" value="Java Virtual Machine Specification"/>
    <property name="java.vm.specification.version" value="1.0"/>
    <property name="hudson.ClassicPluginStrategy.useAntClassLoader" value="true"/>
    <property name="sun.os.patch.level" value="unknown"/>
    <property name="sun.cpu.endian" value="little"/>
    <property name="env.GTK_RC_FILES" value="/etc/gtk/gtkrc:/home/tom/.gtkrc-1.2-gnome2"/>
    <property name="env.HOME" value="/home/tom"/>
    <property name="surefire.test.class.path" value="/media/DATAPART1/dev/hudson-trunk/main/test/target/test-classes:/media/DATAPART1/dev/hudson-trunk/main/test/target/classes:/home/tom/.m2/repository/org/jvnet/hudson/main/hudson-war/1.318-SNAPSHOT/hudson-war-1.318-SNAPSHOT-war-for-test.jar:/home/tom/.m2/repository/org/jvnet/hudson/main/hudson-core/1.318-SNAPSHOT/hudson-core-1.318-SNAPSHOT.jar:/home/tom/.m2/repository/org/jvnet/hudson/main/remoting/1.318-SNAPSHOT/remoting-1.318-SNAPSHOT.jar:/home/tom/.m2/repository/org/jvnet/hudson/main/cli/1.318-SNAPSHOT/cli-1.318-SNAPSHOT.jar:/home/tom/.m2/repository/org/jvnet/localizer/localizer/1.9/localizer-1.9.jar:/home/tom/.m2/repository/org/jvnet/hudson/jtidy/4aug2000r7-dev-hudson-1/jtidy-4aug2000r7-dev-hudson-1.jar:/home/tom/.m2/repository/org/jruby/ext/posix/jna-posix/1.0.1/jna-posix-1.0.1.jar:/home/tom/.m2/repository/org/kohsuke/trilead-putty-extension/1.0/trilead-putty-extension-1.0.jar:/home/tom/.m2/repository/org/jvnet/hudson/trilead-ssh2/build212-hudson-1/trilead-ssh2-build212-hudson-1.jar:/home/tom/.m2/repository/org/kohsuke/stapler/stapler-jelly/1.107/stapler-jelly-1.107.jar:/home/tom/.m2/repository/org/kohsuke/stapler/stapler/1.107/stapler-1.107.jar:/home/tom/.m2/repository/commons-discovery/commons-discovery/0.4/commons-discovery-0.4.jar:/home/tom/.m2/repository/commons-logging/commons-logging/1.1.1/commons-logging-1.1.1.jar:/home/tom/.m2/repository/commons-beanutils/commons-beanutils/1.8.0/commons-beanutils-1.8.0.jar:/home/tom/.m2/repository/commons-io/commons-io/1.4/commons-io-1.4.jar:/home/tom/.m2/repository/org/kohsuke/stapler/json-lib/2.1-rev2/json-lib-2.1-rev2.jar:/home/tom/.m2/repository/commons-collections/commons-collections/3.2/commons-collections-3.2.jar:/home/tom/.m2/repository/commons-lang/commons-lang/2.4/commons-lang-2.4.jar:/home/tom/.m2/repository/net/sf/ezmorph/ezmorph/1.0.3/ezmorph-1.0.3.jar:/home/tom/.m2/repository/org/jvnet/tiger-types/1.1/tiger-types-1.1.jar:/home/tom/.m2/repository/commons-fileupload/commons-fileupload/1.2.1/commons-fileupload-1.2.1.jar:/home/tom/.m2/repository/junit/junit/3.8.1/junit-3.8.1.jar:/home/tom/.m2/repository/args4j/args4j/2.0.13/args4j-2.0.13.jar:/home/tom/.m2/repository/org/kohsuke/graph-layouter/1.0/graph-layouter-1.0.jar:/home/tom/.m2/repository/antlr/antlr/2.7.6/antlr-2.7.6.jar:/home/tom/.m2/repository/org/jvnet/hudson/xstream/1.3.1-hudson-3/xstream-1.3.1-hudson-3.jar:/home/tom/.m2/repository/xpp3/xpp3_min/1.1.4c/xpp3_min-1.1.4c.jar:/home/tom/.m2/repository/jfree/jfreechart/1.0.9/jfreechart-1.0.9.jar:/home/tom/.m2/repository/jfree/jcommon/1.0.12/jcommon-1.0.12.jar:/home/tom/.m2/repository/org/apache/ant/ant-junit/1.7.0/ant-junit-1.7.0.jar:/home/tom/.m2/repository/org/apache/ant/ant/1.7.0/ant-1.7.0.jar:/home/tom/.m2/repository/org/apache/ant/ant-launcher/1.7.0/ant-launcher-1.7.0.jar:/home/tom/.m2/repository/commons-digester/commons-digester/1.7/commons-digester-1.7.jar:/home/tom/.m2/repository/javax/mail/mail/1.4/mail-1.4.jar:/home/tom/.m2/repository/javax/activation/activation/1.1/activation-1.1.jar:/home/tom/.m2/repository/org/jvnet/hudson/dom4j/dom4j/1.6.1-hudson-1/dom4j-1.6.1-hudson-1.jar:/home/tom/.m2/repository/jaxen/jaxen/1.1-beta-11/jaxen-1.1-beta-11.jar:/home/tom/.m2/repository/commons-jelly/commons-jelly-tags-fmt/1.0/commons-jelly-tags-fmt-1.0.jar:/home/tom/.m2/repository/commons-jelly/commons-jelly-tags-xml/1.1/commons-jelly-tags-xml-1.1.jar:/home/tom/.m2/repository/org/jvnet/hudson/commons-jelly-tags-define/1.0.1-hudson-20071021/commons-jelly-tags-define-1.0.1-hudson-20071021.jar:/home/tom/.m2/repository/org/jvnet/hudson/commons-jelly/1.1-hudson-20090709/commons-jelly-1.1-hudson-20090709.jar:/home/tom/.m2/repository/org/jvnet/hudson/commons-jexl/1.1-hudson-20090508/commons-jexl-1.1-hudson-20090508.jar:/home/tom/.m2/repository/org/acegisecurity/acegi-security/1.0.5/acegi-security-1.0.5.jar:/home/tom/.m2/repository/org/springframework/spring-core/2.5/spring-core-2.5.jar:/home/tom/.m2/repository/org/springframework/spring-jdbc/1.2.9/spring-jdbc-1.2.9.jar:/home/tom/.m2/repository/org/springframework/spring-beans/2.5/spring-beans-2.5.jar:/home/tom/.m2/repository/org/springframework/spring-dao/1.2.9/spring-dao-1.2.9.jar:/home/tom/.m2/repository/org/springframework/spring-context/2.5/spring-context-2.5.jar:/home/tom/.m2/repository/commons-codec/commons-codec/1.3/commons-codec-1.3.jar:/home/tom/.m2/repository/oro/oro/2.0.8/oro-2.0.8.jar:/home/tom/.m2/repository/org/codehaus/groovy/groovy-all/1.6.0/groovy-all-1.6.0.jar:/home/tom/.m2/repository/jline/jline/0.9.94/jline-0.9.94.jar:/home/tom/.m2/repository/org/springframework/spring-web/2.5/spring-web-2.5.jar:/home/tom/.m2/repository/aopalliance/aopalliance/1.0/aopalliance-1.0.jar:/home/tom/.m2/repository/org/springframework/spring-aop/2.5/spring-aop-2.5.jar:/home/tom/.m2/repository/xpp3/xpp3/1.1.3.3/xpp3-1.1.3.3.jar:/home/tom/.m2/repository/javax/servlet/jstl/1.1.0/jstl-1.1.0.jar:/home/tom/.m2/repository/com/sun/xml/txw2/txw2/20070624/txw2-20070624.jar:/home/tom/.m2/repository/org/jvnet/winp/winp/1.13/winp-1.13.jar:/home/tom/.m2/repository/org/jvnet/hudson/memory-monitor/1.1/memory-monitor-1.1.jar:/home/tom/.m2/repository/net/java/dev/jna/jna/3.0.9/jna-3.0.9.jar:/home/tom/.m2/repository/com/octo/captcha/jcaptcha-all/1.0-RC6/jcaptcha-all-1.0-RC6.jar:/home/tom/.m2/repository/commons-pool/commons-pool/1.3/commons-pool-1.3.jar:/home/tom/.m2/repository/org/codehaus/woodstox/wstx-asl/3.2.7/wstx-asl-3.2.7.jar:/home/tom/.m2/repository/stax/stax-api/1.0.1/stax-api-1.0.1.jar:/home/tom/.m2/repository/com/sun/akuma/akuma/1.1/akuma-1.1.jar:/home/tom/.m2/repository/org/jvnet/libpam4j/libpam4j/1.2/libpam4j-1.2.jar:/home/tom/.m2/repository/org/jvnet/libzfs/libzfs/0.5/libzfs-0.5.jar:/home/tom/.m2/repository/com/sun/solaris/embedded_su4j/1.1/embedded_su4j-1.1.jar:/home/tom/.m2/repository/net/java/sezpoz/sezpoz/1.5/sezpoz-1.5.jar:/home/tom/.m2/repository/org/jvnet/hudson/jinterop-wmi/1.0/jinterop-wmi-1.0.jar:/home/tom/.m2/repository/org/kohsuke/jinterop/jinterop-proxy/1.1/jinterop-proxy-1.1.jar:/home/tom/.m2/repository/org/kohsuke/jinterop/j-interop/2.0.5/j-interop-2.0.5.jar:/home/tom/.m2/repository/org/kohsuke/jinterop/j-interopdeps/2.0.5/j-interopdeps-2.0.5.jar:/home/tom/.m2/repository/org/samba/jcifs/jcifs/1.3.3/jcifs-1.3.3.jar:/home/tom/.m2/repository/org/jvnet/hudson/main/maven-plugin/1.318-SNAPSHOT/maven-plugin-1.318-SNAPSHOT.jar:/home/tom/.m2/repository/org/jvnet/hudson/main/maven-agent/1.318-SNAPSHOT/maven-agent-1.318-SNAPSHOT.jar:/home/tom/.m2/repository/org/jvnet/hudson/main/maven-interceptor/1.318-SNAPSHOT/maven-interceptor-1.318-SNAPSHOT.jar:/home/tom/.m2/repository/org/apache/maven/maven-core/2.0.9/maven-core-2.0.9.jar:/home/tom/.m2/repository/org/apache/maven/maven-settings/2.0.9/maven-settings-2.0.9.jar:/home/tom/.m2/repository/org/apache/maven/maven-model/2.0.9/maven-model-2.0.9.jar:/home/tom/.m2/repository/org/codehaus/plexus/plexus-utils/1.5.1/plexus-utils-1.5.1.jar:/home/tom/.m2/repository/org/codehaus/plexus/plexus-container-default/1.0-alpha-9-stable-1/plexus-container-default-1.0-alpha-9-stable-1.jar:/home/tom/.m2/repository/classworlds/classworlds/1.1/classworlds-1.1.jar:/home/tom/.m2/repository/org/apache/maven/wagon/wagon-file/1.0-beta-2/wagon-file-1.0-beta-2.jar:/home/tom/.m2/repository/org/apache/maven/wagon/wagon-provider-api/1.0-beta-2/wagon-provider-api-1.0-beta-2.jar:/home/tom/.m2/repository/org/apache/maven/maven-plugin-parameter-documenter/2.0.9/maven-plugin-parameter-documenter-2.0.9.jar:/home/tom/.m2/repository/slide/slide-webdavlib/2.1/slide-webdavlib-2.1.jar:/home/tom/.m2/repository/commons-httpclient/commons-httpclient/3.1/commons-httpclient-3.1.jar:/home/tom/.m2/repository/de/zeigermann/xml/xml-im-exporter/1.1/xml-im-exporter-1.1.jar:/home/tom/.m2/repository/org/apache/maven/wagon/wagon-http-lightweight/1.0-beta-2/wagon-http-lightweight-1.0-beta-2.jar:/home/tom/.m2/repository/org/apache/maven/wagon/wagon-http-shared/1.0-beta-2/wagon-http-shared-1.0-beta-2.jar:/home/tom/.m2/repository/org/apache/maven/reporting/maven-reporting-api/2.0.9/maven-reporting-api-2.0.9.jar:/home/tom/.m2/repository/org/apache/maven/doxia/doxia-sink-api/1.0-alpha-10/doxia-sink-api-1.0-alpha-10.jar:/home/tom/.m2/repository/org/apache/maven/maven-profile/2.0.9/maven-profile-2.0.9.jar:/home/tom/.m2/repository/org/apache/maven/maven-artifact/2.0.9/maven-artifact-2.0.9.jar:/home/tom/.m2/repository/org/apache/maven/maven-repository-metadata/2.0.9/maven-repository-metadata-2.0.9.jar:/home/tom/.m2/repository/org/apache/maven/maven-error-diagnostics/2.0.9/maven-error-diagnostics-2.0.9.jar:/home/tom/.m2/repository/org/apache/maven/maven-project/2.0.9/maven-project-2.0.9.jar:/home/tom/.m2/repository/org/apache/maven/maven-artifact-manager/2.0.9/maven-artifact-manager-2.0.9.jar:/home/tom/.m2/repository/org/apache/maven/maven-plugin-registry/2.0.9/maven-plugin-registry-2.0.9.jar:/home/tom/.m2/repository/org/apache/maven/maven-plugin-api/2.0.9/maven-plugin-api-2.0.9.jar:/home/tom/.m2/repository/org/apache/maven/wagon/wagon-ssh-external/1.0-beta-2/wagon-ssh-external-1.0-beta-2.jar:/home/tom/.m2/repository/org/apache/maven/wagon/wagon-ssh-common/1.0-beta-2/wagon-ssh-common-1.0-beta-2.jar:/home/tom/.m2/repository/org/codehaus/plexus/plexus-interactivity-api/1.0-alpha-4/plexus-interactivity-api-1.0-alpha-4.jar:/home/tom/.m2/repository/org/apache/maven/maven-plugin-descriptor/2.0.9/maven-plugin-descriptor-2.0.9.jar:/home/tom/.m2/repository/org/apache/maven/maven-monitor/2.0.9/maven-monitor-2.0.9.jar:/home/tom/.m2/repository/org/apache/maven/wagon/wagon-ssh/1.0-beta-2/wagon-ssh-1.0-beta-2.jar:/home/tom/.m2/repository/com/jcraft/jsch/0.1.27/jsch-0.1.27.jar:/home/tom/.m2/repository/org/jvnet/hudson/maven2.1-interceptor/1.2/maven2.1-interceptor-1.2.jar:/home/tom/.m2/repository/org/apache/maven/maven-embedder/2.0.4/maven-embedder-2.0.4.jar:/home/tom/.m2/repository/org/jvnet/hudson/wagon-webdav/1.0-beta-2-hudson-1/wagon-webdav-1.0-beta-2-hudson-1.jar:/home/tom/.m2/repository/org/mortbay/jetty/jetty/6.1.11/jetty-6.1.11.jar:/home/tom/.m2/repository/org/mortbay/jetty/jetty-util/6.1.11/jetty-util-6.1.11.jar:/home/tom/.m2/repository/org/mortbay/jetty/servlet-api-2.5/6.1.11/servlet-api-2.5-6.1.11.jar:/home/tom/.m2/repository/org/jvnet/mock-javamail/mock-javamail/1.7/mock-javamail-1.7.jar:/home/tom/.m2/repository/org/jvnet/hudson/htmlunit/2.2-hudson-10/htmlunit-2.2-hudson-10.jar:/home/tom/.m2/repository/xalan/xalan/2.7.0/xalan-2.7.0.jar:/home/tom/.m2/repository/org/jvnet/hudson/htmlunit-core-js/2.2-hudson-2/htmlunit-core-js-2.2-hudson-2.jar:/home/tom/.m2/repository/net/sourceforge/nekohtml/nekohtml/1.9.8/nekohtml-1.9.8.jar:/home/tom/.m2/repository/xerces/xercesImpl/2.8.1/xercesImpl-2.8.1.jar:/home/tom/.m2/repository/net/sourceforge/cssparser/cssparser/0.9.5/cssparser-0.9.5.jar:/home/tom/.m2/repository/org/w3c/css/sac/1.3/sac-1.3.jar:/home/tom/.m2/repository/org/jvnet/hudson/netx/0.5-hudson-2/netx-0.5-hudson-2.jar:/home/tom/.m2/repository/org/easymock/easymock/2.4/easymock-2.4.jar:/home/tom/.m2/repository/org/jvnet/animal-sniffer-annotation/1.0/animal-sniffer-annotation-1.0.jar:"/>
    <property name="java.io.tmpdir" value="/tmp"/>
    <property name="env.LD_LIBRARY_PATH" value="/usr/lib/jvm/java-6-sun-1.6.0.14/jre/lib/amd64/server:/usr/lib/jvm/java-6-sun-1.6.0.14/jre/lib/amd64:/usr/lib/jvm/java-6-sun-1.6.0.14/jre/../lib/amd64"/>
    <property name="env.LS_COLORS" value="no=00:fi=00:di=01;34:ln=01;36:pi=40;33:so=01;35:do=01;35:bd=40;33;01:cd=40;33;01:or=40;31;01:su=37;41:sg=30;43:tw=30;42:ow=34;42:st=37;44:ex=01;32:*.tar=01;31:*.tgz=01;31:*.svgz=01;31:*.arj=01;31:*.taz=01;31:*.lzh=01;31:*.lzma=01;31:*.zip=01;31:*.z=01;31:*.Z=01;31:*.dz=01;31:*.gz=01;31:*.bz2=01;31:*.bz=01;31:*.tbz2=01;31:*.tz=01;31:*.deb=01;31:*.rpm=01;31:*.jar=01;31:*.rar=01;31:*.ace=01;31:*.zoo=01;31:*.cpio=01;31:*.7z=01;31:*.rz=01;31:*.jpg=01;35:*.jpeg=01;35:*.gif=01;35:*.bmp=01;35:*.pbm=01;35:*.pgm=01;35:*.ppm=01;35:*.tga=01;35:*.xbm=01;35:*.xpm=01;35:*.tif=01;35:*.tiff=01;35:*.png=01;35:*.svg=01;35:*.mng=01;35:*.pcx=01;35:*.mov=01;35:*.mpg=01;35:*.mpeg=01;35:*.m2v=01;35:*.mkv=01;35:*.ogm=01;35:*.mp4=01;35:*.m4v=01;35:*.mp4v=01;35:*.vob=01;35:*.qt=01;35:*.nuv=01;35:*.wmv=01;35:*.asf=01;35:*.rm=01;35:*.rmvb=01;35:*.flc=01;35:*.avi=01;35:*.fli=01;35:*.gl=01;35:*.dl=01;35:*.xcf=01;35:*.xwd=01;35:*.yuv=01;35:*.aac=00;36:*.au=00;36:*.flac=00;36:*.mid=00;36:*.midi=00;36:*.mka=00;36:*.mp3=00;36:*.mpc=00;36:*.ogg=00;36:*.ra=00;36:*.wav=00;36:"/>
    <property name="java.vendor.url.bug" value="http://java.sun.com/cgi-bin/bugreport.cgi"/>
    <property name="env.SSH_AUTH_SOCK" value="/tmp/keyring-ZUHm8C/socket.ssh"/>
    <property name="java.awt.graphicsenv" value="sun.awt.X11GraphicsEnvironment"/>
    <property name="os.arch" value="amd64"/>
    <property name="java.ext.dirs" value="/usr/lib/jvm/java-6-sun-1.6.0.14/jre/lib/ext:/usr/java/packages/lib/ext"/>
    <property name="user.dir" value="/media/DATAPART1/dev/hudson-trunk/main/test"/>
    <property name="env.XAUTHORITY" value="/home/tom/.Xauthority"/>
    <property name="env.GTK_MODULES" value="canberra-gtk-module"/>
    <property name="line.separator" value="
"/>
    <property name="java.vm.name" value="Java HotSpot(TM) 64-Bit Server VM"/>
    <property name="env.COLORTERM" value="gnome-terminal"/>
    <property name="basedir" value="/media/DATAPART1/dev/hudson-trunk/main/test"/>
    <property name="env.ORBIT_SOCKETDIR" value="/tmp/orbit-tom"/>
    <property name="env.USERNAME" value="tom"/>
    <property name="file.encoding" value="UTF-8"/>
    <property name="env.MESA_NO_ASM" value="1"/>
    <property name="env.GNOME_KEYRING_SOCKET" value="/tmp/keyring-ZUHm8C/socket"/>
    <property name="env.GPG_AGENT_INFO" value="/tmp/seahorse-uMrE7F/S.gpg-agent:4137:1"/>
    <property name="java.specification.version" value="1.6"/>
    <property name="env.LESSCLOSE" value="/usr/bin/lesspipe %s %s"/>
  </properties>
  <testcase time="0.928" classname="hudson.ExtensionListTest" name="testAutoDiscovery"/>
  <testcase time="0.934" classname="hudson.ExtensionListTest" name="testExtensionListView"/>
  <testcase time="0.902" classname="hudson.ExtensionListTest" name="testDescriptorLookup"/>
  <testcase time="0.892" classname="hudson.ExtensionListTest" name="testFishDiscovery"/>
  <testcase time="0.778" classname="hudson.ExtensionListTest" name="testLegacyDescriptorList"/>
</testsuite>